[     741ms] [ERROR] Error: Trying to log the same page view twice without changing the url, https://www.ticketmaster.com/karol-g-tickets/artist/2412593?_gl=1*e73zhw*_ga*MTIyNjkzNDU3MC4xNzc3MzM1ODMx*_ga_C1T806G4DF*czE3NzczMzU4MzIkbzEkZzAkdDE3NzczMzU4MzIkajYwJGwwJGgw*_ga_H1KKSGW33X*czE3NzczMzU4MzIkbzEkZzAkdDE3NzczMzU4MzIkajYwJGwwJGgw @ https://uk.tmconst.com/rc-a30b4202/_next/static/chunks/2114-aeafdce899e9a58e.js:0
[    1809ms] [WARNING] An iframe which has both allow-scripts and allow-same-origin for its sandbox attribute can escape its sandboxing. @ :0
[    2607ms] [WARNING] Key attr8 has no value @ https://c.amazon-adsystem.com/aat/amzn.js:1
[    2608ms] [WARNING] Key attr8 has no value @ https://c.amazon-adsystem.com/aat/amzn.js:1
[    5022ms] [ERROR] Attestation check for Attribution Reporting on https://ara.paa-reporting-advertising.amazon failed. @ https://www.ticketmaster.com/karol-g-tickets/artist/2412593?_gl=1*e73zhw*_ga*MTIyNjkzNDU3MC4xNzc3MzM1ODMx*_ga_C1T806G4DF*czE3NzczMzU4MzIkbzEkZzAkdDE3NzczMzU4MzIkajYwJGwwJGgw*_ga_H1KKSGW33X*czE3NzczMzU4MzIkbzEkZzAkdDE3NzczMzU4MzIkajYwJGwwJGgw:0
[    5022ms] [ERROR] Attestation check for Attribution Reporting on https://ara.paa-reporting-advertising.amazon failed. @ https://www.ticketmaster.com/karol-g-tickets/artist/2412593?_gl=1*e73zhw*_ga*MTIyNjkzNDU3MC4xNzc3MzM1ODMx*_ga_C1T806G4DF*czE3NzczMzU4MzIkbzEkZzAkdDE3NzczMzU4MzIkajYwJGwwJGgw*_ga_H1KKSGW33X*czE3NzczMzU4MzIkbzEkZzAkdDE3NzczMzU4MzIkajYwJGwwJGgw:0
[    5102ms] [WARNING] [Audigent] script has already been initialised. Skip further execution @ https://a.ad.gt/api/v1/u/matches/49?_it=0:0
[    5129ms] [ERROR] Attestation check for Attribution Reporting on https://www.facebook.com failed. @ https://www.ticketmaster.com/karol-g-tickets/artist/2412593?_gl=1*e73zhw*_ga*MTIyNjkzNDU3MC4xNzc3MzM1ODMx*_ga_C1T806G4DF*czE3NzczMzU4MzIkbzEkZzAkdDE3NzczMzU4MzIkajYwJGwwJGgw*_ga_H1KKSGW33X*czE3NzczMzU4MzIkbzEkZzAkdDE3NzczMzU4MzIkajYwJGwwJGgw:0
[    5129ms] [ERROR] Attestation check for Attribution Reporting on https://www.facebook.com failed. @ https://www.ticketmaster.com/karol-g-tickets/artist/2412593?_gl=1*e73zhw*_ga*MTIyNjkzNDU3MC4xNzc3MzM1ODMx*_ga_C1T806G4DF*czE3NzczMzU4MzIkbzEkZzAkdDE3NzczMzU4MzIkajYwJGwwJGgw*_ga_H1KKSGW33X*czE3NzczMzU4MzIkbzEkZzAkdDE3NzczMzU4MzIkajYwJGwwJGgw:0
[    5129ms] [ERROR] Attestation check for Attribution Reporting on https://www.facebook.com failed. @ https://www.ticketmaster.com/karol-g-tickets/artist/2412593?_gl=1*e73zhw*_ga*MTIyNjkzNDU3MC4xNzc3MzM1ODMx*_ga_C1T806G4DF*czE3NzczMzU4MzIkbzEkZzAkdDE3NzczMzU4MzIkajYwJGwwJGgw*_ga_H1KKSGW33X*czE3NzczMzU4MzIkbzEkZzAkdDE3NzczMzU4MzIkajYwJGwwJGgw:0
[    5131ms] [ERROR] Attestation check for Shared Storage on https://ara.paa-reporting-advertising.amazon failed. @ https://www.ticketmaster.com/karol-g-tickets/artist/2412593?_gl=1*e73zhw*_ga*MTIyNjkzNDU3MC4xNzc3MzM1ODMx*_ga_C1T806G4DF*czE3NzczMzU4MzIkbzEkZzAkdDE3NzczMzU4MzIkajYwJGwwJGgw*_ga_H1KKSGW33X*czE3NzczMzU4MzIkbzEkZzAkdDE3NzczMzU4MzIkajYwJGwwJGgw:0
[    5132ms] [ERROR] Attestation check for Shared Storage on https://ara.paa-reporting-advertising.amazon failed. @ https://www.ticketmaster.com/karol-g-tickets/artist/2412593?_gl=1*e73zhw*_ga*MTIyNjkzNDU3MC4xNzc3MzM1ODMx*_ga_C1T806G4DF*czE3NzczMzU4MzIkbzEkZzAkdDE3NzczMzU4MzIkajYwJGwwJGgw*_ga_H1KKSGW33X*czE3NzczMzU4MzIkbzEkZzAkdDE3NzczMzU4MzIkajYwJGwwJGgw:0
[    5133ms] [ERROR] Attestation check for Attribution Reporting on https://www.facebook.com failed. @ https://www.ticketmaster.com/karol-g-tickets/artist/2412593?_gl=1*e73zhw*_ga*MTIyNjkzNDU3MC4xNzc3MzM1ODMx*_ga_C1T806G4DF*czE3NzczMzU4MzIkbzEkZzAkdDE3NzczMzU4MzIkajYwJGwwJGgw*_ga_H1KKSGW33X*czE3NzczMzU4MzIkbzEkZzAkdDE3NzczMzU4MzIkajYwJGwwJGgw:0
[    5133ms] [ERROR] Attestation check for Attribution Reporting on https://www.facebook.com failed. @ https://www.ticketmaster.com/karol-g-tickets/artist/2412593?_gl=1*e73zhw*_ga*MTIyNjkzNDU3MC4xNzc3MzM1ODMx*_ga_C1T806G4DF*czE3NzczMzU4MzIkbzEkZzAkdDE3NzczMzU4MzIkajYwJGwwJGgw*_ga_H1KKSGW33X*czE3NzczMzU4MzIkbzEkZzAkdDE3NzczMzU4MzIkajYwJGwwJGgw:0
[    5133ms] [ERROR] Attestation check for Attribution Reporting on https://www.facebook.com failed. @ https://www.ticketmaster.com/karol-g-tickets/artist/2412593?_gl=1*e73zhw*_ga*MTIyNjkzNDU3MC4xNzc3MzM1ODMx*_ga_C1T806G4DF*czE3NzczMzU4MzIkbzEkZzAkdDE3NzczMzU4MzIkajYwJGwwJGgw*_ga_H1KKSGW33X*czE3NzczMzU4MzIkbzEkZzAkdDE3NzczMzU4MzIkajYwJGwwJGgw:0
[    5163ms] [WARNING] [Audigent] cannot find __gpp framework @ https://a.ad.gt/api/v1/u/matches/49?url=https%3A//www.ticketmaster.com/karol-g-tickets/artist/2412593%3F_gl%3D1*e73zhw*_ga*MTIyNjkzNDU3MC4xNzc3MzM1ODMx*_ga_C1T806G4DF*czE3NzczMzU4MzIkbzEkZzAkdDE3NzczMzU4MzIkajYwJGwwJGgw*_ga_H1KKSGW33X*czE3NzczMzU4MzIkbzEkZzAkdDE3NzczMzU4MzIkajYwJGwwJGgw&ref=https%3A//www.ticketmaster.com/karol-g-tickets/artist/2412593%3F_gl%3D1*e73zhw*_ga*MTIyNjkzNDU3MC4xNzc3MzM1ODMx*_ga_C1T806G4DF*czE3NzczMzU4MzIkbzEkZzAkdDE3NzczMzU4MzIkajYwJGwwJGgw*_ga_H1KKSGW33X*czE3NzczMzU4MzIkbzEkZzAkdDE3NzczMzU4MzIkajYwJGwwJGgw&au_1d=AU1D0200001777335895OA5TTA7U8D13:0
[    5572ms] [ERROR] Attestation check for Attribution Reporting on https://www.facebook.com failed. @ https://www.ticketmaster.com/karol-g-tickets/artist/2412593?_gl=1*e73zhw*_ga*MTIyNjkzNDU3MC4xNzc3MzM1ODMx*_ga_C1T806G4DF*czE3NzczMzU4MzIkbzEkZzAkdDE3NzczMzU4MzIkajYwJGwwJGgw*_ga_H1KKSGW33X*czE3NzczMzU4MzIkbzEkZzAkdDE3NzczMzU4MzIkajYwJGwwJGgw:0
[    5702ms] [WARNING] [GPT] PubAdsService.enableSingleRequest is deprecated, use googletag.setConfig({singleRequest: ...}) instead.
https://goo.gle/gpt-message#170 @ https://securepubads.g.doubleclick.net/pagead/managed/js/gpt/m202604240101/pubads_impl.js?cb=31098130:18
[    5706ms] [WARNING] [GPT] Slot.setTargeting is deprecated, use Slot.setConfig({targeting: ...}) instead.
https://goo.gle/gpt-message#171 @ https://securepubads.g.doubleclick.net/pagead/managed/js/gpt/m202604240101/pubads_impl.js?cb=31098130:18
[    7042ms] [ERROR] Attestation check for Shared Storage on https://www.googleadservices.com failed. @ https://www.googleadservices.com/pagead/managed/js/activeview/current/reach_worklet.html:0
[    7042ms] [ERROR] Attestation check for Shared Storage on https://www.googleadservices.com failed. @ https://www.googleadservices.com/pagead/managed/js/activeview/current/reach_worklet.html:0
[    7067ms] [ERROR] Attestation check for Shared Storage on https://www.googleadservices.com failed. @ https://www.googleadservices.com/pagead/managed/js/activeview/current/reach_worklet.html:0
[   12363ms] [ERROR] Failed to load resource: the server responded with a status of 401 () @ https://www.ticketmaster.com/karol-g-viajando-por-el-mundo-chicago-illinois-07-25-2026/event/04006497F829CE6A:0
[   13846ms] [ERROR] Failed to load resource: net::ERR_NAME_NOT_RESOLVED @ https://epsf/c7e70593/asset/eps.js:0
[   14555ms] [ERROR] Failed to load resource: net::ERR_FAILED @ chrome-extension://invalid/:0
[   15972ms] [LOG] [gateway:friction:requireAuth] Sign in loop {} @ https://uk.tmconst.com/gateway/3.174.0:456dc36f4df2dfd06ed0cde2868e2b5dc75676d7/_next/static/chunks/806-55ce7c6f9cd5c971.js:0
[   17180ms] [ERROR] Failed to load resource: the server responded with a status of 404 () @ https://auth.ticketmaster.com/as/none:0
